0 info it worked if it ends with ok
1 verbose cli [ '/usr/local/bin/node', '/usr/local/bin/npm', 'run', 'test' ]
2 info using npm@4.1.2
3 info using node@v4.3.1
4 verbose run-script [ 'pretest', 'test', 'posttest' ]
5 info lifecycle validation-bd@1.0.0~pretest: validation-bd@1.0.0
6 silly lifecycle validation-bd@1.0.0~pretest: no script for pretest, continuing
7 info lifecycle validation-bd@1.0.0~test: validation-bd@1.0.0
8 verbose lifecycle validation-bd@1.0.0~test: unsafe-perm in lifecycle true
9 verbose lifecycle validation-bd@1.0.0~test: PATH: /usr/local/lib/node_modules/npm/bin/node-gyp-bin:/Users/Paul/MyApps/validation-bd/node_modules/.bin:/Users/Paul/.rvm/gems/ruby-2.3.0/bin:/Users/Paul/.rvm/gems/ruby-2.3.0@global/bin:/Users/Paul/.rvm/rubies/ruby-2.3.0/bin:/usr/local/bin:/usr/bin:/bin:/usr/sbin:/sbin:/Users/Paul/.rvm/bin
10 verbose lifecycle validation-bd@1.0.0~test: CWD: /Users/Paul/MyApps/validation-bd
11 silly lifecycle validation-bd@1.0.0~test: Args: [ '-c', 'node test/test.js' ]
12 silly lifecycle validation-bd@1.0.0~test: Returned: code: 1  signal: null
13 info lifecycle validation-bd@1.0.0~test: Failed to exec test script
14 verbose stack Error: validation-bd@1.0.0 test: `node test/test.js`
14 verbose stack Exit status 1
14 verbose stack     at EventEmitter.<anonymous> (/usr/local/lib/node_modules/npm/lib/utils/lifecycle.js:279:16)
14 verbose stack     at emitTwo (events.js:87:13)
14 verbose stack     at EventEmitter.emit (events.js:172:7)
14 verbose stack     at ChildProcess.<anonymous> (/usr/local/lib/node_modules/npm/lib/utils/spawn.js:40:14)
14 verbose stack     at emitTwo (events.js:87:13)
14 verbose stack     at ChildProcess.emit (events.js:172:7)
14 verbose stack     at maybeClose (internal/child_process.js:821:16)
14 verbose stack     at Process.ChildProcess._handle.onexit (internal/child_process.js:211:5)
15 verbose pkgid validation-bd@1.0.0
16 verbose cwd /Users/Paul/MyApps/validation-bd
17 error Darwin 18.2.0
18 error argv "/usr/local/bin/node" "/usr/local/bin/npm" "run" "test"
19 error node v4.3.1
20 error npm  v4.1.2
21 error code ELIFECYCLE
22 error validation-bd@1.0.0 test: `node test/test.js`
22 error Exit status 1
23 error Failed at the validation-bd@1.0.0 test script 'node test/test.js'.
23 error Make sure you have the latest version of node.js and npm installed.
23 error If you do, this is most likely a problem with the validation-bd package,
23 error not with npm itself.
23 error Tell the author that this fails on your system:
23 error     node test/test.js
23 error You can get information on how to open an issue for this project with:
23 error     npm bugs validation-bd
23 error Or if that isn't available, you can get their info via:
23 error     npm owner ls validation-bd
23 error There is likely additional logging output above.
24 verbose exit [ 1, true ]
